{"level":"info","timestamp":"2025-04-13T11:23:04.151+0300","caller":"handler/shorten.go:43","message":"Received URL shortening request","method":"POST","path":"/shorten"}
{"level":"info","timestamp":"2025-04-13T11:23:04.151+0300","caller":"handler/shorten.go:91","message":"URL successfully shortened","originalURL":"https://example.com","shortenedURL":"http://short.url/abc123"}
{"level":"info","timestamp":"2025-04-13T11:23:04.151+0300","caller":"handler/shorten.go:43","message":"Received URL shortening request","method":"POST","path":"/shorten"}
{"level":"error","timestamp":"2025-04-13T11:23:04.151+0300","caller":"handler/shorten.go:76","message":"URL shortening failed","error":"Invalid URL","originalURL":"invalid-url","stacktrace":"github.com/yasin-yalcin-dev/go-url-shortener/internal/handler.(*ShortenHandler).ShortenURL\n\t/Users/yasin/projects/go-url-shortener/internal/handler/shorten.go:76\ngithub.com/yasin-yalcin-dev/go-url-shortener/internal/handler.TestShortenHandler_ShortenURL.func3\n\t/Users/yasin/projects/go-url-shortener/internal/handler/shorten_test.go:117\ntesting.tRunner\n\t/opt/homebrew/Cellar/go/1.24.2/libexec/src/testing/testing.go:1792"}
{"level":"info","timestamp":"2025-04-13T11:24:40.094+0300","caller":"handler/shorten.go:112","message":"Redirect attempt","shortID":""}
{"level":"info","timestamp":"2025-04-13T11:24:40.094+0300","caller":"handler/shorten.go:146","message":"Successful redirect","shortID":"","originalURL":"https://example.com"}
{"level":"info","timestamp":"2025-04-13T11:24:47.661+0300","caller":"handler/shorten.go:43","message":"Received URL shortening request","method":"POST","path":"/shorten"}
{"level":"info","timestamp":"2025-04-13T11:24:47.662+0300","caller":"handler/shorten.go:91","message":"URL successfully shortened","originalURL":"https://example.com","shortenedURL":"http://short.url/abc123"}
{"level":"info","timestamp":"2025-04-13T11:24:47.662+0300","caller":"handler/shorten.go:43","message":"Received URL shortening request","method":"POST","path":"/shorten"}
{"level":"error","timestamp":"2025-04-13T11:24:47.662+0300","caller":"handler/shorten.go:76","message":"URL shortening failed","error":"Invalid URL","originalURL":"invalid-url","stacktrace":"github.com/yasin-yalcin-dev/go-url-shortener/internal/handler.(*ShortenHandler).ShortenURL\n\t/Users/yasin/projects/go-url-shortener/internal/handler/shorten.go:76\ngithub.com/yasin-yalcin-dev/go-url-shortener/internal/handler.TestShortenHandler_ShortenURL.func3\n\t/Users/yasin/projects/go-url-shortener/internal/handler/shorten_test.go:118\ntesting.tRunner\n\t/opt/homebrew/Cellar/go/1.24.2/libexec/src/testing/testing.go:1792"}
{"level":"info","timestamp":"2025-04-13T11:24:50.502+0300","caller":"handler/shorten.go:112","message":"Redirect attempt","shortID":""}
{"level":"info","timestamp":"2025-04-13T11:24:50.502+0300","caller":"handler/shorten.go:146","message":"Successful redirect","shortID":"","originalURL":"https://example.com"}
{"level":"info","timestamp":"2025-04-13T11:33:13.726+0300","caller":"handler/shorten.go:112","message":"Redirect attempt","shortID":""}
{"level":"info","timestamp":"2025-04-13T11:33:13.727+0300","caller":"handler/shorten.go:146","message":"Successful redirect","shortID":"","originalURL":"https://example.com"}
{"level":"info","timestamp":"2025-04-13T11:33:13.727+0300","caller":"handler/shorten.go:112","message":"Redirect attempt","shortID":""}
{"level":"error","timestamp":"2025-04-13T11:33:13.727+0300","caller":"handler/shorten.go:118","message":"URL redirect failed","error":"Short URL not found","shortID":"","stacktrace":"github.com/yasin-yalcin-dev/go-url-shortener/internal/handler.(*ShortenHandler).Redirect\n\t/Users/yasin/projects/go-url-shortener/internal/handler/shorten.go:118\ngithub.com/yasin-yalcin-dev/go-url-shortener/internal/handler.TestShortenHandler_Redirect.func5\n\t/Users/yasin/projects/go-url-shortener/internal/handler/shorten_test.go:249\ntesting.tRunner\n\t/opt/homebrew/Cellar/go/1.24.2/libexec/src/testing/testing.go:1792"}
{"level":"info","timestamp":"2025-04-13T11:33:18.357+0300","caller":"handler/shorten.go:43","message":"Received URL shortening request","method":"POST","path":"/shorten"}
{"level":"info","timestamp":"2025-04-13T11:33:18.357+0300","caller":"handler/shorten.go:91","message":"URL successfully shortened","originalURL":"https://example.com","shortenedURL":"http://short.url/abc123"}
{"level":"info","timestamp":"2025-04-13T11:33:18.357+0300","caller":"handler/shorten.go:43","message":"Received URL shortening request","method":"POST","path":"/shorten"}
{"level":"error","timestamp":"2025-04-13T11:33:18.357+0300","caller":"handler/shorten.go:76","message":"URL shortening failed","error":"Invalid URL","originalURL":"invalid-url","stacktrace":"github.com/yasin-yalcin-dev/go-url-shortener/internal/handler.(*ShortenHandler).ShortenURL\n\t/Users/yasin/projects/go-url-shortener/internal/handler/shorten.go:76\ngithub.com/yasin-yalcin-dev/go-url-shortener/internal/handler.TestShortenHandler_ShortenURL.func3\n\t/Users/yasin/projects/go-url-shortener/internal/handler/shorten_test.go:141\ntesting.tRunner\n\t/opt/homebrew/Cellar/go/1.24.2/libexec/src/testing/testing.go:1792"}
{"level":"info","timestamp":"2025-04-13T11:33:19.696+0300","caller":"handler/shorten.go:112","message":"Redirect attempt","shortID":""}
{"level":"info","timestamp":"2025-04-13T11:33:19.697+0300","caller":"handler/shorten.go:146","message":"Successful redirect","shortID":"","originalURL":"https://example.com"}
{"level":"info","timestamp":"2025-04-13T11:33:19.697+0300","caller":"handler/shorten.go:112","message":"Redirect attempt","shortID":""}
{"level":"error","timestamp":"2025-04-13T11:33:19.697+0300","caller":"handler/shorten.go:118","message":"URL redirect failed","error":"Short URL not found","shortID":"","stacktrace":"github.com/yasin-yalcin-dev/go-url-shortener/internal/handler.(*ShortenHandler).Redirect\n\t/Users/yasin/projects/go-url-shortener/internal/handler/shorten.go:118\ngithub.com/yasin-yalcin-dev/go-url-shortener/internal/handler.TestShortenHandler_Redirect.func5\n\t/Users/yasin/projects/go-url-shortener/internal/handler/shorten_test.go:249\ntesting.tRunner\n\t/opt/homebrew/Cellar/go/1.24.2/libexec/src/testing/testing.go:1792"}
{"level":"info","timestamp":"2025-04-18T16:04:17.726+0300","caller":"handler/shorten.go:43","message":"Received URL shortening request","method":"POST","path":"/shorten"}
{"level":"info","timestamp":"2025-04-18T16:04:17.726+0300","caller":"handler/shorten.go:91","message":"URL successfully shortened","originalURL":"https://example.com","shortenedURL":"http://short.url/abc123"}
{"level":"info","timestamp":"2025-04-18T16:04:17.727+0300","caller":"handler/shorten.go:43","message":"Received URL shortening request","method":"POST","path":"/shorten"}
{"level":"error","timestamp":"2025-04-18T16:04:17.727+0300","caller":"handler/shorten.go:76","message":"URL shortening failed","error":"Invalid URL","originalURL":"invalid-url","stacktrace":"github.com/yasin-yalcin-dev/go-url-shortener/internal/handler.(*ShortenHandler).ShortenURL\n\t/Users/yasin/projects/go-url-shortener/internal/handler/shorten.go:76\ngithub.com/yasin-yalcin-dev/go-url-shortener/internal/handler.TestShortenHandler_ShortenURL.func3\n\t/Users/yasin/projects/go-url-shortener/internal/handler/shorten_test.go:141\ntesting.tRunner\n\t/opt/homebrew/Cellar/go/1.24.2/libexec/src/testing/testing.go:1792"}
{"level":"info","timestamp":"2025-04-18T16:04:17.727+0300","caller":"handler/shorten.go:112","message":"Redirect attempt","shortID":""}
{"level":"info","timestamp":"2025-04-18T16:04:17.727+0300","caller":"handler/shorten.go:146","message":"Successful redirect","shortID":"","originalURL":"https://example.com"}
{"level":"info","timestamp":"2025-04-18T16:04:17.727+0300","caller":"handler/shorten.go:112","message":"Redirect attempt","shortID":""}
{"level":"error","timestamp":"2025-04-18T16:04:17.727+0300","caller":"handler/shorten.go:118","message":"URL redirect failed","error":"Short URL not found","shortID":"","stacktrace":"github.com/yasin-yalcin-dev/go-url-shortener/internal/handler.(*ShortenHandler).Redirect\n\t/Users/yasin/projects/go-url-shortener/internal/handler/shorten.go:118\ngithub.com/yasin-yalcin-dev/go-url-shortener/internal/handler.TestShortenHandler_Redirect.func5\n\t/Users/yasin/projects/go-url-shortener/internal/handler/shorten_test.go:249\ntesting.tRunner\n\t/opt/homebrew/Cellar/go/1.24.2/libexec/src/testing/testing.go:1792"}
